build/app/outputs/mapping/release/seeds.txt
com.graspery.flutterapp.MainActivity
com.graspery.flutterapp.MainActivity: MainActivity()
...
androidx.appcompat.R$layout: int abc_activity_chooser_view
io.flutter.embedding.android.FlutterView: io.flutter.embedding.engine.FlutterEngine getAttachedFlutterEngine()
androidx.appcompat.R$styleable: int ActionBar_subtitleTextStyle
androidx.appcompat.R$style: int Base_TextAppearance_AppCompat_Subhead_Inverse
androidx.appcompat.R$style: int Widget_AppCompat_ButtonBar
androidx.appcompat.R$styleable: int MenuItem_iconTintMode
androidx.appcompat.widget.AppCompatTextView: void setTextClassifier(android.view.textclassifier.TextClassifier)
androidx.appcompat.R$styleable: int MenuView_android_itemIconDisabledAlpha
androidx.appcompat.R$id: int accessibility_custom_action_0
androidx.appcompat.R$dimen: int abc_action_bar_stacked_tab_max_width
androidx.appcompat.R$style: int Base_ThemeOverlay_AppCompat
androidx.appcompat.R$styleable: int SwitchCompat_android_textOn
androidx.appcompat.R$layout: int abc_list_menu_item_radio
androidx.appcompat.R$attr: int textAppearanceLargePopupMenu
androidx.appcompat.app.AppCompatActivity: void setContentView(android.view.View)
androidx.appcompat.widget.AppCompatTextView: void setSupportCompoundDrawablesTintMode(android.graphics.PorterDuff$Mode)
androidx.appcompat.R$style: int TextAppearance_AppCompat
androidx.core.graphics.drawable.IconCompatParcelizer
androidx.appcompat.R$attr: int actionButtonStyle
androidx.appcompat.widget.AppCompatImageButton: void setBackgroundResource(int)
androidx.appcompat.widget.ActionBarContainer: void setStackedBackground(android.graphics.drawable.Drawable)
androidx.appcompat.R$attr: int queryBackground
androidx.appcompat.R$styleable: int AlertDialog_buttonIconDimen
androidx.appcompat.R$id: int forever
androidx.appcompat.R$color: int abc_input_method_navigation_guard
androidx.appcompat.R$style: int Base_V21_Theme_AppCompat
androidx.core.widget.NestedScrollView: int getScrollRange()
androidx.appcompat.R$color: int abc_tint_spinner
androidx.appcompat.R$dimen: int abc_text_size_title_material_toolbar
androidx.appcompat.R$style: int Widget_AppCompat_Light_ActionBar_Solid_Inverse
androidx.appcompat.R$style: int Widget_AppCompat_DrawerArrowToggle
androidx.appcompat.widget.ContentFrameLayout: ContentFrameLayout(android.content.Context,android.util.AttributeSet)
androidx.core.app.RemoteActionCompatParcelizer: RemoteActionCompatParcelizer()
androidx.appcompat.widget.LinearLayoutCompat: int getBaselineAlignedChildIndex()
androidx.appcompat.R$attr: int ttcIndex
androidx.appcompat.widget.AppCompatButton: int getAutoSizeTextType()
androidx.appcompat.R$styleable: int ActionBar_progressBarStyle
androidx.appcompat.R$attr: int viewInflaterClass
androidx.appcompat.R$attr: int backgroundSplit
androidx.appcompat.resources.R$styleable: int[] StateListDrawableItem
io.flutter.view.FlutterView: android.view.accessibility.AccessibilityNodeProvider getAccessibilityNodeProvider()
androidx.appcompat.R$drawable: int abc_list_pressed_holo_light
androidx.appcompat.R$drawable: int btn_radio_off_to_on_mtrl_animation
androidx.appcompat.R$style: int Widget_AppCompat_Light_DropDownItem_Spinner
androidx.appcompat.R$id: int src_in
com.google.firebase.iid.Registrar: java.util.List getComponents()
io.flutter.embedding.android.FlutterTextureView
androidx.appcompat.R$drawable: int notification_bg_normal
androidx.appcompat.R$styleable: int AppCompatTextHelper_android_drawableBottom
androidx.core.R$dimen: int notification_small_icon_size_as_large
androidx.appcompat.R$styleable: int DrawerArrowToggle_gapBetweenBars
androidx.appcompat.R$styleable: int ActionBar_logo
io.flutter.plugins.firebase.database.FlutterFirebaseAppRegistrar: java.util.List getComponents()
androidx.appcompat.resources.R$styleable: int GradientColor_android_endY
androidx.core.R$id: int icon
androidx.appcompat.R$drawable: int abc_ratingbar_indicator_material
io.github.ponnamkarthik.toast.fluttertoast.R$id: int action_text
androidx.appcompat.resources.R$styleable: int AnimatedStateListDrawableCompat_android_visible