build/app/outputs/mapping/release/mapping.txt
# compiler: R8
# compiler_version: 1.6.82
# min_api: 16
# pg_map_id: c2354c0
# common_typos_disable
com.graspery.flutterapp.MainActivity -> com.graspery.flutterapp.MainActivity:
    void configureFlutterEngine(io.flutter.embedding.engine.FlutterEngine) -> b
...
androidx.core.app.ActivityRecreator$1 -> androidx.core.app.b$a:
    java.lang.Object val$token -> d
    androidx.core.app.ActivityRecreator$LifecycleCheckCallbacks val$callbacks -> c
androidx.core.app.ActivityRecreator$2 -> androidx.core.app.b$b:
    android.app.Application val$application -> c
    androidx.core.app.ActivityRecreator$LifecycleCheckCallbacks val$callbacks -> d
androidx.core.app.ActivityRecreator$3 -> androidx.core.app.b$c:
    java.lang.Object val$token -> d
    java.lang.Object val$activityThread -> c
androidx.core.app.ActivityRecreator$LifecycleCheckCallbacks -> androidx.core.app.b$d:
    android.app.Activity mActivity -> d
    boolean mStarted -> e
    java.lang.Object currentlyRecreatingToken -> c
    boolean mDestroyed -> f
    boolean mStopQueued -> g
androidx.core.app.AppOpsManagerCompat -> androidx.core.app.c:
    int noteProxyOpNoThrow(android.content.Context,java.lang.String,java.lang.String) -> a
    java.lang.String permissionToOp(java.lang.String) -> a
androidx.core.app.ComponentActivity -> androidx.core.app.d:
    androidx.lifecycle.LifecycleRegistry mLifecycleRegistry -> c
    boolean superDispatchKeyEvent(android.view.KeyEvent) -> a
androidx.core.app.CoreComponentFactory -> androidx.core.app.CoreComponentFactory:
    java.lang.Object checkCompatWrapper(java.lang.Object) -> a
androidx.core.app.CoreComponentFactory$CompatWrapped -> androidx.core.app.CoreComponentFactory$a:
    java.lang.Object getWrapper() -> a
androidx.core.app.NavUtils -> androidx.core.app.e:
    android.content.Intent getParentActivityIntent(android.app.Activity) -> a
    android.content.Intent getParentActivityIntent(android.content.Context,android.content.ComponentName) -> a
    void navigateUpTo(android.app.Activity,android.content.Intent) -> a
    java.lang.String getParentActivityName(android.app.Activity) -> b
    java.lang.String getParentActivityName(android.content.Context,android.content.ComponentName) -> b
    boolean shouldUpRecreateTask(android.app.Activity,android.content.Intent) -> b
androidx.core.app.NotificationBuilderWithBuilderAccessor -> androidx.core.app.f:
    android.app.Notification$Builder getBuilder() -> a
androidx.core.app.NotificationCompat -> androidx.core.app.g:
    android.os.Bundle getExtras(android.app.Notification) -> a
androidx.core.app.NotificationCompat$Action -> androidx.core.app.g$a:
    android.os.Bundle mExtras -> a
    android.app.PendingIntent actionIntent -> i
    androidx.core.app.RemoteInput[] mDataOnlyRemoteInputs -> c
    androidx.core.app.RemoteInput[] mRemoteInputs -> b
    boolean mShowsUserInterface -> e
    int mSemanticAction -> f
    int icon -> g
    java.lang.CharSequence title -> h
    boolean mAllowGeneratedReplies -> d
    android.app.PendingIntent getActionIntent() -> a
    boolean getAllowGeneratedReplies() -> b
    androidx.core.app.RemoteInput[] getDataOnlyRemoteInputs() -> c
    android.os.Bundle getExtras() -> d
    int getIcon() -> e
    androidx.core.app.RemoteInput[] getRemoteInputs() -> f
    int getSemanticAction() -> g
    boolean getShowsUserInterface() -> h
    java.lang.CharSequence getTitle() -> i
androidx.core.app.NotificationCompat$BigPictureStyle -> androidx.core.app.g$b:
    android.graphics.Bitmap mBigLargeIcon -> f
    boolean mBigLargeIconSet -> g
    android.graphics.Bitmap mPicture -> e
    void apply(androidx.core.app.NotificationBuilderWithBuilderAccessor) -> a
    androidx.core.app.NotificationCompat$BigPictureStyle bigLargeIcon(android.graphics.Bitmap) -> a
    androidx.core.app.NotificationCompat$BigPictureStyle bigPicture(android.graphics.Bitmap) -> b
androidx.core.app.NotificationCompat$BigTextStyle -> androidx.core.app.g$c:
    java.lang.CharSequence mBigText -> e
    void apply(androidx.core.app.NotificationBuilderWithBuilderAccessor) -> a
    androidx.core.app.NotificationCompat$BigTextStyle bigText(java.lang.CharSequence) -> a