build/app/outputs/mapping/release/usage.txt
com.graspery.flutterapp.R$dimen
com.graspery.flutterapp.R$anim
com.graspery.flutterapp.R$interpolator
com.graspery.flutterapp.R$style
com.graspery.flutterapp.R$attr
com.graspery.flutterapp.R$drawable
com.graspery.flutterapp.R$color
com.graspery.flutterapp.R$bool
com.graspery.flutterapp.R$layout
com.graspery.flutterapp.R$string
com.graspery.flutterapp.R$integer
com.graspery.flutterapp.R$id
com.graspery.flutterapp.R$styleable
com.graspery.flutterapp.R
com.graspery.flutterapp.R$xml
com.graspery.flutterapp.BuildConfig
com.graspery.flutterapp.R$mipmap
...
androidx.vectordrawable.R$style
androidx.annotation.UiThread
kotlin.text.MatcherMatchResult$groups$1$iterator$1
androidx.appcompat.app.TwilightManager:
    static void setInstance(androidx.appcompat.app.TwilightManager)
    private static final java.lang.String TAG
    private static final int SUNRISE
    private static final int SUNSET
kotlin.collections.IntIterator
com.google.android.gms.internal.firebase_auth.zzbp:
    public final java.lang.String zzcp()
    public final java.lang.String getEmail()
com.google.android.gms.common.api.Api$Client:
    public abstract boolean requiresAccount()
    public abstract boolean providesSignIn()
    public abstract android.content.Intent getSignInIntent()
    public abstract void dump(java.lang.String,java.io.FileDescriptor,java.io.PrintWriter,java.lang.String[])
    public abstract android.os.IBinder getServiceBrokerBinder()
    public abstract com.google.android.gms.common.Feature[] getRequiredFeatures()
androidx.appcompat.widget.VectorEnabledTintResources:
    public static void setCompatVectorFromResourcesEnabled(boolean)
    public static final int MAX_SDK_WHERE_REQUIRED
com.google.android.gms.internal.firebase_auth.zzp$zzp
kotlin.comparisons.ReverseOrderComparator
kotlin.jvm.internal.markers.KMutableSet
com.google.android.gms.internal.firebase_auth.zzhi
com.google.firebase.auth.api.internal.zzem
kotlin.jvm.internal.IntSpreadBuilder
androidx.cursoradapter.widget.ResourceCursorAdapter:
    public void <init>(android.content.Context,int,android.database.Cursor)
    public void <init>(android.content.Context,int,android.database.Cursor,int)
    public void setViewResource(int)
    public void setDropDownViewResource(int)
com.google.firebase.database.core.view.View:
    public com.google.firebase.database.snapshot.Node getCompleteNode()
    java.util.List getEventRegistrations()
com.google.firebase.database.snapshot.PriorityUtilities:
    public void <init>()
com.google.android.gms.common.api.internal.zabq
androidx.viewpager.widget.ViewPager$OnAdapterChangeListener
com.google.android.gms.common.internal.IAccountAccessor$Stub:
    public void <init>()
    protected final boolean zza(int,android.os.Parcel,android.os.Parcel,int)
kotlin.collections.ArraysKt___ArraysKt$withIndex$3
com.google.android.gms.internal.firebase_auth.zzcb
com.google.android.gms.common.internal.ApiExceptionUtil:
    public void <init>()
androidx.arch.core.executor.ArchTaskExecutor:
    public static java.util.concurrent.Executor getMainThreadExecutor()
    public static java.util.concurrent.Executor getIOThreadExecutor()
    public void setDelegate(androidx.arch.core.executor.TaskExecutor)
com.sidlatau.flutteremailsender.FlutterEmailSenderPluginKt
com.google.android.gms.common.server.converter.zaa
androidx.annotation.InspectableProperty
com.google.android.gms.internal.firebase_auth.zzhs$zza
kotlin.io.OnErrorAction
com.google.firebase.components.Component:
    public static com.google.firebase.components.Component of(java.lang.Class,java.lang.Object)
    static synthetic java.lang.Object lambda$of$0(java.lang.Object,com.google.firebase.components.ComponentContainer)
    public boolean isLazy()
com.google.android.gms.common.zaa
com.google.android.gms.internal.firebase_auth.zzhz
com.google.android.gms.common.images.ImageManager$zab
kotlin.jvm.internal.LocalVariableReferencesKt